This is pdfTeX, Version 3.141592653-2.6-1.40.25 (MiKTeX 23.5) (preloaded format=pdflatex 2023.7.18)  14 AUG 2023 02:20
entering extended mode
 restricted \write18 enabled.
 %&-line parsing enabled.
**./documentation.tex
(documentation.tex
LaTeX2e <2023-06-01> patch level 1
L3 programming layer <2023-06-30>
(C:\Users\Tim\AppData\Local\Programs\MiKTeX\tex/latex/base\article.cls
Document Class: article 2023/05/17 v1.4n Standard LaTeX document class
(C:\Users\Tim\AppData\Local\Programs\MiKTeX\tex/latex/base\size12.clo
File: size12.clo 2023/05/17 v1.4n Standard LaTeX file (size option)
)
\c@part=\count185
\c@section=\count186
\c@subsection=\count187
\c@subsubsection=\count188
\c@paragraph=\count189
\c@subparagraph=\count190
\c@figure=\count191
\c@table=\count192
\abovecaptionskip=\skip48
\belowcaptionskip=\skip49
\bibindent=\dimen140
)
(C:\Users\Tim\AppData\Local\Programs\MiKTeX\tex/latex/base\inputenc.sty
Package: inputenc 2021/02/14 v1.3d Input encoding file
\inpenc@prehook=\toks17
\inpenc@posthook=\toks18

(C:\Users\Tim\AppData\Local\Programs\MiKTeX\tex/latex/base\latin1.def
File: latin1.def 2021/02/14 v1.3d Input encoding file
))
   defining Unicode char U+00A0 (decimal 160)
   defining Unicode char U+2500 (decimal 9472)
   defining Unicode char U+2502 (decimal 9474)
   defining Unicode char U+2514 (decimal 9492)
   defining Unicode char U+251C (decimal 9500)
   defining Unicode char U+2572 (decimal 9586)

(C:\Users\Tim\AppData\Local\Programs\MiKTeX\tex/latex/cmap\cmap.sty
Package: cmap 2021/02/06 v1.0j CMap support: searchable PDF
)
(C:\Users\Tim\AppData\Local\Programs\MiKTeX\tex/latex/base\fontenc.sty
Package: fontenc 2021/04/29 v2.0v Standard LaTeX package
<<t1.cmap>>) (C:\Users\Tim\AppData\Local\Programs\MiKTeX\tex/latex/amsmath\amsm
ath.sty
Package: amsmath 2023/05/13 v2.17o AMS math features
\@mathmargin=\skip50

For additional information on amsmath, use the `?' option.
(C:\Users\Tim\AppData\Local\Programs\MiKTeX\tex/latex/amsmath\amstext.sty
Package: amstext 2021/08/26 v2.01 AMS text

(C:\Users\Tim\AppData\Local\Programs\MiKTeX\tex/latex/amsmath\amsgen.sty
File: amsgen.sty 1999/11/30 v2.0 generic functions
\@emptytoks=\toks19
\ex@=\dimen141
))
(C:\Users\Tim\AppData\Local\Programs\MiKTeX\tex/latex/amsmath\amsbsy.sty
Package: amsbsy 1999/11/29 v1.2d Bold Symbols
\pmbraise@=\dimen142
)
(C:\Users\Tim\AppData\Local\Programs\MiKTeX\tex/latex/amsmath\amsopn.sty
Package: amsopn 2022/04/08 v2.04 operator names
)
\inf@bad=\count193
LaTeX Info: Redefining \frac on input line 234.
\uproot@=\count194
\leftroot@=\count195
LaTeX Info: Redefining \overline on input line 399.
LaTeX Info: Redefining \colon on input line 410.
\classnum@=\count196
\DOTSCASE@=\count197
LaTeX Info: Redefining \ldots on input line 496.
LaTeX Info: Redefining \dots on input line 499.
LaTeX Info: Redefining \cdots on input line 620.
\Mathstrutbox@=\box51
\strutbox@=\box52
LaTeX Info: Redefining \big on input line 722.
LaTeX Info: Redefining \Big on input line 723.
LaTeX Info: Redefining \bigg on input line 724.
LaTeX Info: Redefining \Bigg on input line 725.
\big@size=\dimen143
LaTeX Font Info:    Redeclaring font encoding OML on input line 743.
LaTeX Font Info:    Redeclaring font encoding OMS on input line 744.
\macc@depth=\count198
LaTeX Info: Redefining \bmod on input line 905.
LaTeX Info: Redefining \pmod on input line 910.
LaTeX Info: Redefining \smash on input line 940.
LaTeX Info: Redefining \relbar on input line 970.
LaTeX Info: Redefining \Relbar on input line 971.
\c@MaxMatrixCols=\count199
\dotsspace@=\muskip16
\c@parentequation=\count266
\dspbrk@lvl=\count267
\tag@help=\toks20
\row@=\count268
\column@=\count269
\maxfields@=\count270
\andhelp@=\toks21
\eqnshift@=\dimen144
\alignsep@=\dimen145
\tagshift@=\dimen146
\tagwidth@=\dimen147
\totwidth@=\dimen148
\lineht@=\dimen149
\@envbody=\toks22
\multlinegap=\skip51
\multlinetaggap=\skip52
\mathdisplay@stack=\toks23
LaTeX Info: Redefining \[ on input line 2953.
LaTeX Info: Redefining \] on input line 2954.
)
(C:\Users\Tim\AppData\Local\Programs\MiKTeX\tex/latex/amsfonts\amssymb.sty
Package: amssymb 2013/01/14 v3.01 AMS font symbols

(C:\Users\Tim\AppData\Local\Programs\MiKTeX\tex/latex/amsfonts\amsfonts.sty
Package: amsfonts 2013/01/14 v3.01 Basic AMSFonts support
\symAMSa=\mathgroup4
\symAMSb=\mathgroup5
LaTeX Font Info:    Redeclaring math symbol \hbar on input line 98.
LaTeX Font Info:    Overwriting math alphabet `\mathfrak' in version `bold'
(Font)                  U/euf/m/n --> U/euf/b/n on input line 106.
))
(C:\Users\Tim\AppData\Local\Programs\MiKTeX\tex/generic/babel\babel.sty
Package: babel 2023/07/15 v3.92 The Babel package
\babel@savecnt=\count271
\U@D=\dimen150
\l@unhyphenated=\language79

(C:\Users\Tim\AppData\Local\Programs\MiKTeX\tex/generic/babel\txtbabel.def)
\bbl@readstream=\read2
\bbl@dirlevel=\count272

*************************************
* Local config file bblopts.cfg used
*
(C:\Users\Tim\AppData\Local\Programs\MiKTeX\tex/latex/arabi\bblopts.cfg
File: bblopts.cfg 2005/09/08 v0.1 add Arabic and Farsi to "declared" options of
 babel
)
(C:\Users\Tim\AppData\Local\Programs\MiKTeX\tex/latex/babel-english\english.ldf
Language: english 2017/06/06 v3.3r English support from the babel system
Package babel Info: Hyphen rules for 'canadian' set to \l@english
(babel)             (\language0). Reported on input line 102.
Package babel Info: Hyphen rules for 'australian' set to \l@ukenglish
(babel)             (\language73). Reported on input line 105.
Package babel Info: Hyphen rules for 'newzealand' set to \l@ukenglish
(babel)             (\language73). Reported on input line 108.
)
(C:\Users\Tim\AppData\Local\Programs\MiKTeX\tex/latex/babel-german\ngerman.ldf
Language: ngerman 2021/02/27 v2.13 German support for babel (post-1996 orthogra
phy)

(C:\Users\Tim\AppData\Local\Programs\MiKTeX\tex/latex/babel-german\ngermanb.ldf
Language: ngermanb 2021/02/27 v2.13 German support for babel (post-1996 orthogr
aphy)
Package babel Info: Making " an active character on input line 122.
)))
(C:\Users\Tim\AppData\Local\Programs\MiKTeX\tex/generic/babel/locale/de\babel-n
german.tex
Package babel Info: Importing font and identification data for ngerman
(babel)             from babel-de.ini. Reported on input line 11.
)
(C:\Users\Tim\AppData\Local\Programs\MiKTeX\tex/generic/babel/locale/en\babel-e
nglish.tex
Package babel Info: Importing font and identification data for english
(babel)             from babel-en.ini. Reported on input line 11.
)
(C:\Users\Tim\AppData\Local\Programs\MiKTeX\tex/latex/lm\lmodern.sty
Package: lmodern 2015/05/01 v1.6.1 Latin Modern Fonts
LaTeX Font Info:    Overwriting symbol font `operators' in version `normal'
(Font)                  OT1/cmr/m/n --> OT1/lmr/m/n on input line 22.
LaTeX Font Info:    Overwriting symbol font `letters' in version `normal'
(Font)                  OML/cmm/m/it --> OML/lmm/m/it on input line 23.
LaTeX Font Info:    Overwriting symbol font `symbols' in version `normal'
(Font)                  OMS/cmsy/m/n --> OMS/lmsy/m/n on input line 24.
LaTeX Font Info:    Overwriting symbol font `largesymbols' in version `normal'
(Font)                  OMX/cmex/m/n --> OMX/lmex/m/n on input line 25.
LaTeX Font Info:    Overwriting symbol font `operators' in version `bold'
(Font)                  OT1/cmr/bx/n --> OT1/lmr/bx/n on input line 26.
LaTeX Font Info:    Overwriting symbol font `letters' in version `bold'
(Font)                  OML/cmm/b/it --> OML/lmm/b/it on input line 27.
LaTeX Font Info:    Overwriting symbol font `symbols' in version `bold'
(Font)                  OMS/cmsy/b/n --> OMS/lmsy/b/n on input line 28.
LaTeX Font Info:    Overwriting symbol font `largesymbols' in version `bold'
(Font)                  OMX/cmex/m/n --> OMX/lmex/m/n on input line 29.
LaTeX Font Info:    Overwriting math alphabet `\mathbf' in version `normal'
(Font)                  OT1/cmr/bx/n --> OT1/lmr/bx/n on input line 31.
LaTeX Font Info:    Overwriting math alphabet `\mathsf' in version `normal'
(Font)                  OT1/cmss/m/n --> OT1/lmss/m/n on input line 32.
LaTeX Font Info:    Overwriting math alphabet `\mathit' in version `normal'
(Font)                  OT1/cmr/m/it --> OT1/lmr/m/it on input line 33.
LaTeX Font Info:    Overwriting math alphabet `\mathtt' in version `normal'
(Font)                  OT1/cmtt/m/n --> OT1/lmtt/m/n on input line 34.
LaTeX Font Info:    Overwriting math alphabet `\mathbf' in version `bold'
(Font)                  OT1/cmr/bx/n --> OT1/lmr/bx/n on input line 35.
LaTeX Font Info:    Overwriting math alphabet `\mathsf' in version `bold'
(Font)                  OT1/cmss/bx/n --> OT1/lmss/bx/n on input line 36.
LaTeX Font Info:    Overwriting math alphabet `\mathit' in version `bold'
(Font)                  OT1/cmr/bx/it --> OT1/lmr/bx/it on input line 37.
LaTeX Font Info:    Overwriting math alphabet `\mathtt' in version `bold'
(Font)                  OT1/cmtt/m/n --> OT1/lmtt/m/n on input line 38.
)
(sphinx.sty
Package: sphinx 2019/01/12 v1.8.4 LaTeX package (Sphinx markup)

(C:\Users\Tim\AppData\Local\Programs\MiKTeX\tex/generic/ltxcmds\ltxcmds.sty
Package: ltxcmds 2020-05-10 v1.25 LaTeX kernel commands for general use (HO)
)
(C:\Users\Tim\AppData\Local\Programs\MiKTeX\tex/latex/graphics\graphicx.sty
Package: graphicx 2021/09/16 v1.2d Enhanced LaTeX Graphics (DPC,SPQR)

(C:\Users\Tim\AppData\Local\Programs\MiKTeX\tex/latex/graphics\keyval.sty
Package: keyval 2022/05/29 v1.15 key=value parser (DPC)
\KV@toks@=\toks24
)
(C:\Users\Tim\AppData\Local\Programs\MiKTeX\tex/latex/graphics\graphics.sty
Package: graphics 2022/03/10 v1.4e Standard LaTeX Graphics (DPC,SPQR)

(C:\Users\Tim\AppData\Local\Programs\MiKTeX\tex/latex/graphics\trig.sty
Package: trig 2021/08/11 v1.11 sin cos tan (DPC)
)
(C:\Users\Tim\AppData\Local\Programs\MiKTeX\tex/latex/graphics-cfg\graphics.cfg
File: graphics.cfg 2016/06/04 v1.11 sample graphics configuration
)
Package graphics Info: Driver file: pdftex.def on input line 107.
 (C:\Users\Tim\AppData\Local\Programs\MiKTeX\tex/latex/graphics-def\pdftex.def
File: pdftex.def 2022/09/22 v1.2b Graphics/color driver for pdftex
))
\Gin@req@height=\dimen151
\Gin@req@width=\dimen152
) (C:\Users\Tim\AppData\Local\Programs\MiKTeX\tex/latex/fancyhdr\fancyhdr.sty
Package: fancyhdr 2022/11/09 v4.1 Extensive control of page headers and footers

\f@nch@headwidth=\skip53
\f@nch@O@elh=\skip54
\f@nch@O@erh=\skip55
\f@nch@O@olh=\skip56
\f@nch@O@orh=\skip57
\f@nch@O@elf=\skip58
\f@nch@O@erf=\skip59
\f@nch@O@olf=\skip60
\f@nch@O@orf=\skip61
) (C:\Users\Tim\AppData\Local\Programs\MiKTeX\tex/latex/base\textcomp.sty
Package: textcomp 2020/02/02 v2.0n Standard LaTeX package
)
(C:\Users\Tim\AppData\Local\Programs\MiKTeX\tex/latex/titlesec\titlesec.sty
Package: titlesec 2021/07/05 v2.14 Sectioning titles
\ttl@box=\box53
\beforetitleunit=\skip62
\aftertitleunit=\skip63
\ttl@plus=\dimen153
\ttl@minus=\dimen154
\ttl@toksa=\toks25
\titlewidth=\dimen155
\titlewidthlast=\dimen156
\titlewidthfirst=\dimen157
)
(C:\Users\Tim\AppData\Local\Programs\MiKTeX\tex/latex/tabulary\tabulary.sty
Package: tabulary 2014/06/11 v0.10 tabulary package (DPC)

(C:\Users\Tim\AppData\Local\Programs\MiKTeX\tex/latex/tools\array.sty
Package: array 2022/09/04 v2.5g Tabular extension package (FMi)
\col@sep=\dimen158
\ar@mcellbox=\box54
\extrarowheight=\dimen159
\NC@list=\toks26
\extratabsurround=\skip64
\backup@length=\skip65
\ar@cellbox=\box55
)
\TY@count=\count273
\TY@linewidth=\dimen160
\tymin=\dimen161
\tymax=\dimen162
\TY@tablewidth=\dimen163
)
(C:\Users\Tim\AppData\Local\Programs\MiKTeX\tex/latex/tools\longtable.sty
Package: longtable 2021-09-01 v4.17 Multi-page Table package (DPC)
\LTleft=\skip66
\LTright=\skip67
\LTpre=\skip68
\LTpost=\skip69
\LTchunksize=\count274
\LTcapwidth=\dimen164
\LT@head=\box56
\LT@firsthead=\box57
\LT@foot=\box58
\LT@lastfoot=\box59
\LT@gbox=\box60
\LT@cols=\count275
\LT@rows=\count276
\c@LT@tables=\count277
\c@LT@chunks=\count278
\LT@p@ftn=\toks27
)
(C:\Users\Tim\AppData\Local\Programs\MiKTeX\tex/latex/varwidth\varwidth.sty
Package: varwidth 2009/03/30 ver 0.92;  Variable-width minipages
\@vwid@box=\box61
\sift@deathcycles=\count279
\@vwid@loff=\dimen165
\@vwid@roff=\dimen166
)
(sphinxmulticell.sty
Package: sphinxmulticell 2017/02/23 v1.6 better span rows and columns of a tabl
e (Sphinx team)
\sphinx@TY@tablewidth=\dimen167
)
(C:\Users\Tim\AppData\Local\Programs\MiKTeX\tex/latex/base\makeidx.sty
Package: makeidx 2021/10/04 v1.0m Standard LaTeX package
)
(C:\Users\Tim\AppData\Local\Programs\MiKTeX\tex/latex/framed\framed.sty
Package: framed 2011/10/22 v 0.96: framed or shaded text with page breaks
\OuterFrameSep=\skip70
\fb@frw=\dimen168
\fb@frh=\dimen169
\FrameRule=\dimen170
\FrameSep=\dimen171
)
(C:\Users\Tim\AppData\Local\Programs\MiKTeX\tex/latex/xcolor\xcolor.sty
Package: xcolor 2022/06/12 v2.14 LaTeX color extensions (UK)

(C:\Users\Tim\AppData\Local\Programs\MiKTeX\tex/latex/graphics-cfg\color.cfg
File: color.cfg 2016/01/02 v1.6 sample color configuration
)
Package xcolor Info: Driver file: pdftex.def on input line 227.

(C:\Users\Tim\AppData\Local\Programs\MiKTeX\tex/latex/graphics\mathcolor.ltx)
Package xcolor Info: Model `cmy' substituted by `cmy0' on input line 1353.
Package xcolor Info: Model `hsb' substituted by `rgb' on input line 1357.
Package xcolor Info: Model `RGB' extended on input line 1369.
Package xcolor Info: Model `HTML' substituted by `rgb' on input line 1371.
Package xcolor Info: Model `Hsb' substituted by `hsb' on input line 1372.
Package xcolor Info: Model `tHsb' substituted by `hsb' on input line 1373.
Package xcolor Info: Model `HSB' substituted by `hsb' on input line 1374.
Package xcolor Info: Model `Gray' substituted by `gray' on input line 1375.
Package xcolor Info: Model `wave' substituted by `hsb' on input line 1376.
)
(C:\Users\Tim\AppData\Local\Programs\MiKTeX\tex/latex/fancyvrb\fancyvrb.sty
Package: fancyvrb 2023/01/19 4.5a verbatim text (tvz,hv)
\FV@CodeLineNo=\count280
\FV@InFile=\read3
\FV@TabBox=\box62
\c@FancyVerbLine=\count281
\FV@StepNumber=\count282
\FV@OutFile=\write3
)
(footnotehyper-sphinx.sty
Package: footnotehyper-sphinx 2017/10/27 v1.7 hyperref aware footnote.sty for s
phinx (JFB)
\FNH@notes=\box63
\FNH@width=\dimen172
)
(C:\Users\Tim\AppData\Local\Programs\MiKTeX\tex/latex/float\float.sty
Package: float 2001/11/08 v1.3d Float enhancements (AL)
\c@float@type=\count283
\float@exts=\toks28
\float@box=\box64
\@float@everytoks=\toks29
\@floatcapt=\box65
)
(C:\Users\Tim\AppData\Local\Programs\MiKTeX\tex/latex/wrapfig\wrapfig.sty
\wrapoverhang=\dimen173
\WF@size=\dimen174
\c@WF@wrappedlines=\count284
\WF@box=\box66
\WF@everypar=\toks30
Package: wrapfig 2003/01/31  v 3.6
)
(C:\Users\Tim\AppData\Local\Programs\MiKTeX\tex/latex/parskip\parskip.sty
Rollback for package 'parskip' requested -> version 'v1'.
         This corresponds to the release introduced on 2001-04-09.

(C:\Users\Tim\AppData\Local\Programs\MiKTeX\tex/latex/parskip\parskip-2001-04-0
9.sty
Package: parskip 2001/04/09 non-zero parskip adjustments
)) (C:\Users\Tim\AppData\Local\Programs\MiKTeX\tex/latex/base\alltt.sty
Package: alltt 2021/01/29 v2.0g defines alltt environment
)
(C:\Users\Tim\AppData\Local\Programs\MiKTeX\tex/latex/upquote\upquote.sty
Package: upquote 2012/04/19 v1.3 upright-quote and grave-accent glyphs in verba
tim
)
(C:\Users\Tim\AppData\Local\Programs\MiKTeX\tex/latex/capt-of\capt-of.sty
Package: capt-of 2009/12/29 v0.2 standard captions outside of floats
)
(C:\Users\Tim\AppData\Local\Programs\MiKTeX\tex/latex/needspace\needspace.sty
Package: needspace 2010/09/12 v1.3d reserve vertical space
)
(sphinxhighlight.sty
Package: sphinxhighlight 2016/05/29 stylesheet for highlighting with pygments
)
(C:\Users\Tim\AppData\Local\Programs\MiKTeX\tex/latex/kvoptions\kvoptions.sty
Package: kvoptions 2022-06-15 v3.15 Key value format for package options (HO)

(C:\Users\Tim\AppData\Local\Programs\MiKTeX\tex/latex/kvsetkeys\kvsetkeys.sty
Package: kvsetkeys 2022-10-05 v1.19 Key value parser (HO)
))
\sphinxverbatimsep=\dimen175
\sphinxverbatimborder=\dimen176
\sphinxshadowsep=\dimen177
\sphinxshadowsize=\dimen178
\sphinxshadowrule=\dimen179
\spx@notice@border=\dimen180
\spx@image@box=\box67
\spx@image@maxheight=\dimen181
\c@literalblock=\count285
\sphinxcontinuationbox=\box68
\sphinxvisiblespacebox=\box69
\sphinxVerbatim@TitleBox=\box70
\py@argswidth=\skip71
\lineblockindentation=\skip72
\DUlineblockindent=\skip73
) (C:\Users\Tim\AppData\Local\Programs\MiKTeX\tex/latex/geometry\geometry.sty
Package: geometry 2020/01/02 v5.9 Page Geometry

(C:\Users\Tim\AppData\Local\Programs\MiKTeX\tex/generic/iftex\ifvtex.sty
Package: ifvtex 2019/10/25 v1.7 ifvtex legacy package. Use iftex instead.

(C:\Users\Tim\AppData\Local\Programs\MiKTeX\tex/generic/iftex\iftex.sty
Package: iftex 2022/02/03 v1.0f TeX engine tests
))
\Gm@cnth=\count286
\Gm@cntv=\count287
\c@Gm@tempcnt=\count288
\Gm@bindingoffset=\dimen182
\Gm@wd@mp=\dimen183
\Gm@odd@mp=\dimen184
\Gm@even@mp=\dimen185
\Gm@layoutwidth=\dimen186
\Gm@layoutheight=\dimen187
\Gm@layouthoffset=\dimen188
\Gm@layoutvoffset=\dimen189
\Gm@dimlist=\toks31

(C:\Users\Tim\AppData\Local\Programs\MiKTeX\tex/latex/geometry\geometry.cfg))
(C:\Users\Tim\AppData\Local\Programs\MiKTeX\tex/latex/hyperref\hyperref.sty
Package: hyperref 2023-07-08 v7.01b Hypertext links for LaTeX

(C:\Users\Tim\AppData\Local\Programs\MiKTeX\tex/generic/pdftexcmds\pdftexcmds.s
ty
Package: pdftexcmds 2020-06-27 v0.33 Utility functions of pdfTeX for LuaTeX (HO
)

(C:\Users\Tim\AppData\Local\Programs\MiKTeX\tex/generic/infwarerr\infwarerr.sty
Package: infwarerr 2019/12/03 v1.5 Providing info/warning/error messages (HO)
)
Package pdftexcmds Info: \pdf@primitive is available.
Package pdftexcmds Info: \pdf@ifprimitive is available.
Package pdftexcmds Info: \pdfdraftmode found.
)
(C:\Users\Tim\AppData\Local\Programs\MiKTeX\tex/generic/kvdefinekeys\kvdefineke
ys.sty
Package: kvdefinekeys 2019-12-19 v1.6 Define keys (HO)
)
(C:\Users\Tim\AppData\Local\Programs\MiKTeX\tex/generic/pdfescape\pdfescape.sty
Package: pdfescape 2019/12/09 v1.15 Implements pdfTeX's escape features (HO)
) (C:\Users\Tim\AppData\Local\Programs\MiKTeX\tex/latex/hycolor\hycolor.sty
Package: hycolor 2020-01-27 v1.10 Color options for hyperref/bookmark (HO)
)
(C:\Users\Tim\AppData\Local\Programs\MiKTeX\tex/latex/letltxmacro\letltxmacro.s
ty
Package: letltxmacro 2019/12/03 v1.6 Let assignment for LaTeX macros (HO)
) (C:\Users\Tim\AppData\Local\Programs\MiKTeX\tex/latex/auxhook\auxhook.sty
Package: auxhook 2019-12-17 v1.6 Hooks for auxiliary files (HO)
)
(C:\Users\Tim\AppData\Local\Programs\MiKTeX\tex/latex/hyperref\nameref.sty
Package: nameref 2023-08-07 v2.53 Cross-referencing by name of section

(C:\Users\Tim\AppData\Local\Programs\MiKTeX\tex/latex/refcount\refcount.sty
Package: refcount 2019/12/15 v3.6 Data extraction from label references (HO)
)
(C:\Users\Tim\AppData\Local\Programs\MiKTeX\tex/generic/gettitlestring\gettitle
string.sty
Package: gettitlestring 2019/12/15 v1.6 Cleanup title references (HO)
)
\c@section@level=\count289
)
(C:\Users\Tim\AppData\Local\Programs\MiKTeX\tex/latex/etoolbox\etoolbox.sty
Package: etoolbox 2020/10/05 v2.5k e-TeX tools for LaTeX (JAW)
\etb@tempcnta=\count290
)
\@linkdim=\dimen190
\Hy@linkcounter=\count291
\Hy@pagecounter=\count292

(C:\Users\Tim\AppData\Local\Programs\MiKTeX\tex/latex/hyperref\pd1enc.def
File: pd1enc.def 2023-07-08 v7.01b Hyperref: PDFDocEncoding definition (HO)
Now handling font encoding PD1 ...
... no UTF-8 mapping file for font encoding PD1
)
(C:\Users\Tim\AppData\Local\Programs\MiKTeX\tex/generic/intcalc\intcalc.sty
Package: intcalc 2019/12/15 v1.3 Expandable calculations with integers (HO)
)
\Hy@SavedSpaceFactor=\count293

(C:\Users\Tim\AppData\Local\Programs\MiKTeX\tex/latex/hyperref\puenc.def
File: puenc.def 2023-07-08 v7.01b Hyperref: PDF Unicode definition (HO)
Now handling font encoding PU ...
... no UTF-8 mapping file for font encoding PU
)
Package hyperref Info: Option `unicode' set `true' on input line 4050.
Package hyperref Info: Option `colorlinks' set `true' on input line 4050.
Package hyperref Info: Option `breaklinks' set `true' on input line 4050.
Package hyperref Info: Hyper figures OFF on input line 4167.
Package hyperref Info: Link nesting OFF on input line 4172.
Package hyperref Info: Hyper index ON on input line 4175.
Package hyperref Info: Plain pages OFF on input line 4182.
Package hyperref Info: Backreferencing OFF on input line 4187.
Package hyperref Info: Implicit mode ON; LaTeX internals redefined.
Package hyperref Info: Bookmarks ON on input line 4434.
\c@Hy@tempcnt=\count294

(C:\Users\Tim\AppData\Local\Programs\MiKTeX\tex/latex/url\url.sty
\Urlmuskip=\muskip17
Package: url 2013/09/16  ver 3.4  Verb mode for urls, etc.
)
LaTeX Info: Redefining \url on input line 4772.
\XeTeXLinkMargin=\dimen191

(C:\Users\Tim\AppData\Local\Programs\MiKTeX\tex/generic/bitset\bitset.sty
Package: bitset 2019/12/09 v1.3 Handle bit-vector datatype (HO)

(C:\Users\Tim\AppData\Local\Programs\MiKTeX\tex/generic/bigintcalc\bigintcalc.s
ty
Package: bigintcalc 2019/12/15 v1.5 Expandable calculations on big integers (HO
)
))
\Fld@menulength=\count295
\Field@Width=\dimen192
\Fld@charsize=\dimen193
Package hyperref Info: Hyper figures OFF on input line 6051.
Package hyperref Info: Link nesting OFF on input line 6056.
Package hyperref Info: Hyper index ON on input line 6059.
Package hyperref Info: backreferencing OFF on input line 6066.
Package hyperref Info: Link coloring ON on input line 6069.
Package hyperref Info: Link coloring with OCG OFF on input line 6076.
Package hyperref Info: PDF/A mode OFF on input line 6081.

(C:\Users\Tim\AppData\Local\Programs\MiKTeX\tex/latex/base\atbegshi-ltx.sty
Package: atbegshi-ltx 2021/01/10 v1.0c Emulation of the original atbegshi
package with kernel methods
)
\Hy@abspage=\count296
\c@Item=\count297
\c@Hfootnote=\count298
)
Package hyperref Info: Driver (autodetected): hpdftex.

(C:\Users\Tim\AppData\Local\Programs\MiKTeX\tex/latex/hyperref\hpdftex.def
File: hpdftex.def 2023-07-08 v7.01b Hyperref driver for pdfTeX

(C:\Users\Tim\AppData\Local\Programs\MiKTeX\tex/latex/base\atveryend-ltx.sty
Package: atveryend-ltx 2020/08/19 v1.0a Emulation of the original atveryend pac
kage
with kernel methods
)
\Fld@listcount=\count299
\c@bookmark@seq@number=\count300

(C:\Users\Tim\AppData\Local\Programs\MiKTeX\tex/latex/rerunfilecheck\rerunfilec
heck.sty
Package: rerunfilecheck 2022-07-10 v1.10 Rerun checks for auxiliary files (HO)

(C:\Users\Tim\AppData\Local\Programs\MiKTeX\tex/generic/uniquecounter\uniquecou
nter.sty
Package: uniquecounter 2019/12/15 v1.4 Provide unlimited unique counter (HO)
)
Package uniquecounter Info: New unique counter `rerunfilecheck' on input line 2
85.
)
\Hy@SectionHShift=\skip74
)
(C:\Users\Tim\AppData\Local\Programs\MiKTeX\tex/latex/oberdiek\hypcap.sty
Package: hypcap 2016/05/16 v1.12 Adjusting the anchors of captions (HO)
)
(preamble.tex.txt

Package fancyhdr Warning: \fancyhead's `E' option without twoside option is use
less.
(fancyhdr)                Please consider using the `twoside' option on input l
ine 6.


Package fancyhdr Warning: \fancyfoot's `E' option without twoside option is use
less.
(fancyhdr)                Please consider using the `twoside' option on input l
ine 7.

)
LaTeX Font Info:    Trying to load font information for T1+lmr on input line 68
.
 (C:\Users\Tim\AppData\Local\Programs\MiKTeX\tex/latex/lm\t1lmr.fd
File: t1lmr.fd 2015/05/01 v1.6.1 Font defs for Latin Modern
)
(C:\Users\Tim\AppData\Local\Programs\MiKTeX\tex/latex/l3backend\l3backend-pdfte
x.def
File: l3backend-pdftex.def 2023-04-19 L3 backend support: PDF output (pdfTeX)
\l__color_backend_stack_int=\count301
\l__pdf_internal_box=\box71
) (documentation.aux)
\openout1 = `documentation.aux'.

LaTeX Font Info:    Checking defaults for OML/cmm/m/it on input line 68.
LaTeX Font Info:    ... okay on input line 68.
LaTeX Font Info:    Checking defaults for OMS/cmsy/m/n on input line 68.
LaTeX Font Info:    ... okay on input line 68.
LaTeX Font Info:    Checking defaults for OT1/cmr/m/n on input line 68.
LaTeX Font Info:    ... okay on input line 68.
LaTeX Font Info:    Checking defaults for T1/cmr/m/n on input line 68.
LaTeX Font Info:    ... okay on input line 68.
LaTeX Font Info:    Checking defaults for TS1/cmr/m/n on input line 68.
LaTeX Font Info:    ... okay on input line 68.
LaTeX Font Info:    Checking defaults for OMX/cmex/m/n on input line 68.
LaTeX Font Info:    ... okay on input line 68.
LaTeX Font Info:    Checking defaults for U/cmr/m/n on input line 68.
LaTeX Font Info:    ... okay on input line 68.
LaTeX Font Info:    Checking defaults for PD1/pdf/m/n on input line 68.
LaTeX Font Info:    ... okay on input line 68.
LaTeX Font Info:    Checking defaults for PU/pdf/m/n on input line 68.
LaTeX Font Info:    ... okay on input line 68.

(C:\Users\Tim\AppData\Local\Programs\MiKTeX\tex/context/base/mkii\supp-pdf.mkii
[Loading MPS to PDF converter (version 2006.09.02).]
\scratchcounter=\count302
\scratchdimen=\dimen194
\scratchbox=\box72
\nofMPsegments=\count303
\nofMParguments=\count304
\everyMPshowfont=\toks32
\MPscratchCnt=\count305
\MPscratchDim=\dimen195
\MPnumerator=\count306
\makeMPintoPDFobject=\count307
\everyMPtoPDFconversion=\toks33
)
(C:\Users\Tim\AppData\Local\Programs\MiKTeX\tex/latex/epstopdf-pkg\epstopdf-bas
e.sty
Package: epstopdf-base 2020-01-24 v2.11 Base part for package epstopdf
Package epstopdf-base Info: Redefining graphics rule for `.eps' on input line 4
85.

(C:\Users\Tim\AppData\Local\Programs\MiKTeX\tex/latex/00miktex\epstopdf-sys.cfg
File: epstopdf-sys.cfg 2021/03/18 v2.0 Configuration of epstopdf for MiKTeX
))
*geometry* driver: auto-detecting
*geometry* detected driver: pdftex
*geometry* verbose mode - [ preamble ] result:
* driver: pdftex
* paper: a4paper
* layout: <same size as paper>
* layoutoffset:(h,v)=(0.0pt,0.0pt)
* modes: 
* h-part:(L,W,R)=(71.13188pt, 455.24411pt, 71.13188pt)
* v-part:(T,H,B)=(88.2037pt, 673.19197pt, 83.65117pt)
* \paperwidth=597.50787pt
* \paperheight=845.04684pt
* \textwidth=455.24411pt
* \textheight=673.19197pt
* \oddsidemargin=-1.1381pt
* \evensidemargin=-1.1381pt
* \topmargin=-46.05495pt
* \headheight=36.98866pt
* \headsep=25.0pt
* \topskip=12.0pt
* \footskip=44.10185pt
* \marginparwidth=36.135pt
* \marginparsep=10.0pt
* \columnsep=10.0pt
* \skip\footins=10.8pt plus 4.0pt minus 2.0pt
* \hoffset=0.0pt
* \voffset=0.0pt
* \mag=1000
* \@twocolumnfalse
* \@twosidefalse
* \@mparswitchfalse
* \@reversemarginfalse
* (1in=72.27pt=25.4mm, 1cm=28.453pt)

Package hyperref Info: Link coloring ON on input line 68.
(documentation.out) (documentation.out)
\@outlinefile=\write4
\openout4 = `documentation.out'.

LaTeX Font Info:    Trying to load font information for T1+lmtt on input line 8
3.

(C:\Users\Tim\AppData\Local\Programs\MiKTeX\tex/latex/lm\t1lmtt.fd
File: t1lmtt.fd 2015/05/01 v1.6.1 Font defs for Latin Modern
)
LaTeX Font Info:    Font shape `T1/lmtt/bx/n' in size <12> not available
(Font)              Font shape `T1/lmtt/b/n' tried instead on input line 83.

Underfull \hbox (badness 10000) in paragraph at lines 83--83
[]\T1/lmr/m/it/12 name: str\T1/lmr/m/n/12 , \T1/lmr/m/it/12 read_interval:
 []


Underfull \hbox (badness 10000) in paragraph at lines 83--83
\T1/lmr/m/it/12 float\T1/lmr/m/n/12 , \T1/lmr/m/it/12 msg_interface:
 []


Underfull \hbox (badness 10000) in paragraph at lines 83--83
\T1/lmr/m/it/12 Ms-gTy-pe = <class
 []


Overfull \hbox (151.5083pt too wide) in paragraph at lines 83--83
\T1/lmr/m/it/12 'osbk_interfaces.msg._osbk_float_value.OSBKFloatValue'>\T1/lmtt
/m/n/12 ) 
 []

LaTeX Font Info:    Trying to load font information for TS1+lmr on input line 9
0.
(C:\Users\Tim\AppData\Local\Programs\MiKTeX\tex/latex/lm\ts1lmr.fd
File: ts1lmr.fd 2015/05/01 v1.6.1 Font defs for Latin Modern
)
LaTeX Font Info:    Trying to load font information for TS1+lmtt on input line 
1.

(C:\Users\Tim\AppData\Local\Programs\MiKTeX\tex/latex/lm\ts1lmtt.fd
File: ts1lmtt.fd 2015/05/01 v1.6.1 Font defs for Latin Modern
)
LaTeX Font Info:    Trying to load font information for OT1+lmr on input line 1
19.

(C:\Users\Tim\AppData\Local\Programs\MiKTeX\tex/latex/lm\ot1lmr.fd
File: ot1lmr.fd 2015/05/01 v1.6.1 Font defs for Latin Modern
)<<ot1.cmap>>
LaTeX Font Info:    Trying to load font information for OML+lmm on input line 1
19.
(C:\Users\Tim\AppData\Local\Programs\MiKTeX\tex/latex/lm\omllmm.fd
File: omllmm.fd 2015/05/01 v1.6.1 Font defs for Latin Modern
)<<oml.cmap>>
LaTeX Font Info:    Trying to load font information for OMS+lmsy on input line 
119.
(C:\Users\Tim\AppData\Local\Programs\MiKTeX\tex/latex/lm\omslmsy.fd
File: omslmsy.fd 2015/05/01 v1.6.1 Font defs for Latin Modern
)<<oms.cmap>>
LaTeX Font Info:    Trying to load font information for OMX+lmex on input line 
119.
 (C:\Users\Tim\AppData\Local\Programs\MiKTeX\tex/latex/lm\omxlmex.fd
File: omxlmex.fd 2015/05/01 v1.6.1 Font defs for Latin Modern
)
LaTeX Font Info:    External font `lmex10' loaded for size
(Font)              <12> on input line 119.
<<omx.cmap>>
LaTeX Font Info:    External font `lmex10' loaded for size
(Font)              <8> on input line 119.
LaTeX Font Info:    External font `lmex10' loaded for size
(Font)              <6> on input line 119.
LaTeX Font Info:    Trying to load font information for U+msa on input line 119
.
 (C:\Users\Tim\AppData\Local\Programs\MiKTeX\tex/latex/amsfonts\umsa.fd
File: umsa.fd 2013/01/14 v3.01 AMS symbols A
)
LaTeX Font Info:    Trying to load font information for U+msb on input line 119
.

(C:\Users\Tim\AppData\Local\Programs\MiKTeX\tex/latex/amsfonts\umsb.fd
File: umsb.fd 2013/01/14 v3.01 AMS symbols B
)
Underfull \hbox (badness 10000) in paragraph at lines 137--139
[]\T1/lmr/m/n/12 an in-stan-ce of the Ms-gTy-pe spe-ci-fied in \T1/lmtt/m/n/12 
self.
 []


Underfull \hbox (badness 10000) in paragraph at lines 150--150
[]\T1/lmr/m/it/12 name: str\T1/lmr/m/n/12 , \T1/lmr/m/it/12 con-ti-nuous:
 []


Underfull \hbox (badness 10000) in paragraph at lines 150--150
\T1/lmr/m/it/12 bool = True\T1/lmr/m/n/12 , \T1/lmr/m/it/12 sta-
 []


Underfull \hbox (badness 10000) in paragraph at lines 150--150
\T1/lmr/m/it/12 tus_poll_interval: int
 []

LaTeX Font Info:    Trying to load font information for T1+lmss on input line 1
55.
(C:\Users\Tim\AppData\Local\Programs\MiKTeX\tex/latex/lm\t1lmss.fd
File: t1lmss.fd 2015/05/01 v1.6.1 Font defs for Latin Modern
) [12

{C:/Users/Tim/AppData/Local/MiKTeX/fonts/map/pdftex/pdftex.map}{C:/Users/Tim/Ap
pData/Local/Programs/MiKTeX/fonts/enc/dvips/lm/lm-ec.enc}{C:/Users/Tim/AppData/
Local/Programs/MiKTeX/fonts/enc/dvips/lm/lm-ts1.enc}{C:/Users/Tim/AppData/Local
/Programs/MiKTeX/fonts/enc/dvips/lm/lm-mathsy.enc}]
Underfull \hbox (badness 10000) in paragraph at lines 212--212
[]\T1/lmr/m/it/12 name:
 []


Underfull \hbox (badness 10000) in paragraph at lines 212--212
\T1/lmr/m/it/12 str\T1/lmr/m/n/12 , \T1/lmr/m/it/12 ser-
 []


Underfull \hbox (badness 10000) in paragraph at lines 212--212
\T1/lmr/m/it/12 vice_name:
 []


Underfull \hbox (badness 10000) in paragraph at lines 212--212
\T1/lmr/m/it/12 str\T1/lmr/m/n/12 , \T1/lmr/m/it/12 ser-
 []


Underfull \hbox (badness 10000) in paragraph at lines 212--212
\T1/lmr/m/it/12 vice_type:
 []


Underfull \hbox (badness 10000) in paragraph at lines 212--212
\T1/lmr/m/it/12 Srv-Ty-pe\T1/lmr/m/n/12 ,
 []


Underfull \hbox (badness 10000) in paragraph at lines 212--212
\T1/lmr/m/it/12 to-pic_name:
 []


Underfull \hbox (badness 10000) in paragraph at lines 212--212
\T1/lmr/m/it/12 str\T1/lmr/m/n/12 , \T1/lmr/m/it/12 to-
 []


Underfull \hbox (badness 10000) in paragraph at lines 212--212
\T1/lmr/m/it/12 pic_type:
 []

[13]
Overfull \hbox (9.95535pt too wide) in paragraph at lines 249--249
[]\T1/lmr/m/it/12 name:
 []


Underfull \hbox (badness 10000) in paragraph at lines 249--249
\T1/lmr/m/it/12 str,
 []


Overfull \hbox (11.15536pt too wide) in paragraph at lines 249--249
\T1/lmr/m/it/12 states:
 []


Overfull \hbox (149.78816pt too wide) in paragraph at lines 249--249
\T1/lmr/m/it/12 List[osbk_operation.utility.State],
 []


Underfull \hbox (badness 10000) in paragraph at lines 249--249
\T1/lmr/m/it/12 in-
 []


Underfull \hbox (badness 10000) in paragraph at lines 249--249
\T1/lmr/m/it/12 iti-
 []


Overfull \hbox (24.07736pt too wide) in paragraph at lines 249--249
\T1/lmr/m/it/12 al_state:
 []


Overfull \hbox (122.92722pt too wide) in paragraph at lines 249--249
\T1/lmr/m/it/12 osbk_operation.utility.State,
 []


Overfull \hbox (3.80533pt too wide) in paragraph at lines 249--249
\T1/lmr/m/it/12 tran-
 []


Underfull \hbox (badness 10000) in paragraph at lines 249--249
\T1/lmr/m/it/12 si-ti-
 []


Underfull \hbox (badness 10000) in paragraph at lines 249--249
\T1/lmr/m/it/12 ons:
 []


Overfull \hbox (176.93811pt too wide) in paragraph at lines 249--249
\T1/lmr/m/it/12 List[osbk_operation.utility.Transition],
 []


Underfull \hbox (badness 10000) in paragraph at lines 249--249
\T1/lmr/m/it/12 ac-
 []


Underfull \hbox (badness 10000) in paragraph at lines 249--249
\T1/lmr/m/it/12 tua-
 []


Overfull \hbox (2.00536pt too wide) in paragraph at lines 249--249
\T1/lmr/m/it/12 tors:
 []


Overfull \hbox (294.16505pt too wide) in paragraph at lines 249--249
\T1/lmr/m/it/12 List[osbk_operation.actuator_state_machine.ActuatorEntry],
 []


Underfull \hbox (badness 10000) in paragraph at lines 249--249
\T1/lmr/m/it/12 up-
 []


Underfull \hbox (badness 10000) in paragraph at lines 249--249
\T1/lmr/m/it/12 da-
 []


Overfull \hbox (39.22731pt too wide) in paragraph at lines 249--249
\T1/lmr/m/it/12 te_interval:
 []


Underfull \hbox (badness 10000) in paragraph at lines 249--249
\T1/lmr/m/it/12 int
 []


Underfull \hbox (badness 10000) in paragraph at lines 249--249
\T1/lmr/m/it/12 =
 []

[14]
Underfull \hbox (badness 6428) in paragraph at lines 325--325
\T1/lmr/m/it/12 end: osbk_operation.utility.State\T1/lmr/m/n/12 ,
 []


Underfull \hbox (badness 10000) in paragraph at lines 325--325
\T1/lmr/m/it/12 <func-ti-on _default_condition>\T1/lmr/m/n/12 ,
 []


Underfull \hbox (badness 10000) in paragraph at lines 325--325
\T1/lmr/m/it/12 ac-ti-on: Calla-ble[[]\T1/lmr/m/n/12 , \T1/lmr/m/it/12 No-ne] =

 []

[15] [16]
Overfull \hbox (164.72617pt too wide) in paragraph at lines 497--497
[]\T1/lmr/m/it/12 request: osbk_interfaces.srv._discrete_actuator_control.Discr
eteActuatorControl_Request\T1/lmr/m/n/12 ,
 []


Overfull \hbox (183.65451pt too wide) in paragraph at lines 497--497
\T1/lmr/m/it/12 re-spon-se: osbk_interfaces.srv._discrete_actuator_control.Disc
reteActuatorControl_Response\T1/lmtt/m/n/12 )
 []


Overfull \hbox (147.82803pt too wide) in paragraph at lines 497--497
\OMS/lmsy/m/n/12 !$ \T1/lmr/m/n/12 osbk_interfaces.srv._discrete_actuator_contr
ol.DiscreteActuatorControl_Response 
 []


Overfull \hbox (164.72617pt too wide) in paragraph at lines 505--505
[]\T1/lmr/m/it/12 request: osbk_interfaces.srv._discrete_actuator_control.Discr
eteActuatorControl_Request\T1/lmr/m/n/12 ,
 []


Overfull \hbox (183.65451pt too wide) in paragraph at lines 505--505
\T1/lmr/m/it/12 re-spon-se: osbk_interfaces.srv._discrete_actuator_control.Disc
reteActuatorControl_Response\T1/lmtt/m/n/12 )
 []


Overfull \hbox (147.82803pt too wide) in paragraph at lines 505--505
\OMS/lmsy/m/n/12 !$ \T1/lmr/m/n/12 osbk_interfaces.srv._discrete_actuator_contr
ol.DiscreteActuatorControl_Response 
 []

[17]
Underfull \hbox (badness 5924) in paragraph at lines 531--532
[]\T1/lmtt/b/n/12 last_state \T1/lmr/m/n/12 (\T1/lmtt/m/it/12 int\T1/lmr/m/n/12
 ) ^^U the last state re-cei-ved from the
 []


Overfull \hbox (57.10219pt too wide) in paragraph at lines 545--545
[]\T1/lmtt/m/n/12 ) $\OMS/lmsy/m/n/12 !$ \T1/lmr/m/n/12 osbk_interfaces.msg._di
screte_actuator_state.DiscreteActuatorState 
 []


Overfull \hbox (154.20656pt too wide) in paragraph at lines 561--561
[]\T1/lmr/m/it/12 setpoint: osbk_interfaces.srv._discrete_actuator_control.Disc
reteActuatorControl_Request\T1/lmtt/m/n/12 )
 []


Overfull \hbox (128.92807pt too wide) in paragraph at lines 561--561
\OMS/lmsy/m/n/12 !$ \T1/lmr/m/n/12 osbk_interfaces.srv._discrete_actuator_contr
ol.DiscreteActuatorControl_Response 
 []


Underfull \hbox (badness 5924) in paragraph at lines 590--591
[]\T1/lmtt/b/n/12 last_state \T1/lmr/m/n/12 (\T1/lmtt/m/it/12 int\T1/lmr/m/n/12
 ) ^^U the last state re-cei-ved from the
 []


Overfull \hbox (57.10219pt too wide) in paragraph at lines 604--604
[]\T1/lmtt/m/n/12 ) $\OMS/lmsy/m/n/12 !$ \T1/lmr/m/n/12 osbk_interfaces.msg._di
screte_actuator_state.DiscreteActuatorState 
 []

[18]
Overfull \hbox (154.20656pt too wide) in paragraph at lines 620--620
[]\T1/lmr/m/it/12 setpoint: osbk_interfaces.srv._discrete_actuator_control.Disc
reteActuatorControl_Request\T1/lmtt/m/n/12 )
 []


Overfull \hbox (128.92807pt too wide) in paragraph at lines 620--620
\OMS/lmsy/m/n/12 !$ \T1/lmr/m/n/12 osbk_interfaces.srv._discrete_actuator_contr
ol.DiscreteActuatorControl_Response 
 []


Overfull \hbox (89.2558pt too wide) in paragraph at lines 663--663
[]\T1/lmtt/m/n/12 ) $\OMS/lmsy/m/n/12 !$ \T1/lmr/m/n/12 osbk_interfaces.msg._co
ntinuous_actuator_state.ContinuousActuatorState 
 []


Overfull \hbox (187.04562pt too wide) in paragraph at lines 679--679
[]\T1/lmr/m/it/12 setpoint: osbk_interfaces.srv._continuous_actuator_control.Co
ntinuousActuatorControl_Request\T1/lmtt/m/n/12 )
 []


Overfull \hbox (161.08168pt too wide) in paragraph at lines 679--679
\OMS/lmsy/m/n/12 !$ \T1/lmr/m/n/12 osbk_interfaces.srv._continuous_actuator_con
trol.ContinuousActuatorControl_Response 
 []

[19]
Overfull \hbox (26.59375pt too wide) in paragraph at lines 720--720
[]\T1/lmr/m/it/12 msg: osbk_interfaces.msg._osbk_string_value.OSBKStringValue\T
1/lmtt/m/n/12 ) 
 []

[20]
Underfull \hbox (badness 10000) in paragraph at lines 753--754
[]\T1/lmtt/m/n/12 meso_control_pkg.meso_state_machine\T1/lmr/m/n/12 ,
 []


Overfull \hbox (33.81706pt too wide) in paragraph at lines 755--756
[]\T1/lmtt/m/n/12 meso_control_pkg.sps_binary_actuator_node\T1/lmr/m/n/12 ,
 []


Overfull \hbox (58.51707pt too wide) in paragraph at lines 756--757
[]\T1/lmtt/m/n/12 meso_control_pkg.sps_continuous_actuator_node\T1/lmr/m/n/12 ,

 []


Overfull \hbox (46.16707pt too wide) in paragraph at lines 757--758
[]\T1/lmtt/m/n/12 meso_control_pkg.sps_discrete_actuator_node\T1/lmr/m/n/12 ,
 []


Underfull \hbox (badness 10000) in paragraph at lines 759--760
[]\T1/lmtt/m/n/12 meso_control_pkg.water_sensor_node\T1/lmr/m/n/12 ,
 []


Overfull \hbox (9.11705pt too wide) in paragraph at lines 764--765
[]\T1/lmtt/m/n/12 osbk_operation.actuator_state_machine\T1/lmr/m/n/12 ,
 []

[21


] (documentation.aux)
 ***********
LaTeX2e <2023-06-01> patch level 1
L3 programming layer <2023-06-30>
 ***********
Package rerunfilecheck Info: File `documentation.out' has not changed.
(rerunfilecheck)             Checksum: D41D8CD98F00B204E9800998ECF8427E;0.
 ) 
Here is how much of TeX's memory you used:
 14603 strings out of 475550
 234739 string characters out of 5763477
 1930238 words of memory out of 5000000
 35450 multiletter control sequences out of 15000+600000
 597410 words of font info for 67 fonts, out of 8000000 for 9000
 1142 hyphenation exceptions out of 8191
 72i,11n,79p,660b,723s stack positions out of 10000i,1000n,20000p,200000b,200000s
<C:/Users/Tim/AppData/Local/Programs/MiKTeX/fonts/type1/public/lm/lmbx12.pfb>
<C:/Users/Tim/AppData/Local/Programs/MiKTeX/fonts/type1/public/lm/lmr12.pfb><C:
/Users/Tim/AppData/Local/Programs/MiKTeX/fonts/type1/public/lm/lmri12.pfb><C:/U
sers/Tim/AppData/Local/Programs/MiKTeX/fonts/type1/public/lm/lmss17.pfb><C:/Use
rs/Tim/AppData/Local/Programs/MiKTeX/fonts/type1/public/lm/lmssbx10.pfb><C:/Use
rs/Tim/AppData/Local/Programs/MiKTeX/fonts/type1/public/lm/lmsy10.pfb><C:/Users
/Tim/AppData/Local/Programs/MiKTeX/fonts/type1/public/lm/lmtk10.pfb><C:/Users/T
im/AppData/Local/Programs/MiKTeX/fonts/type1/public/lm/lmtt12.pfb><C:/Users/Tim
/AppData/Local/Programs/MiKTeX/fonts/type1/public/lm/lmtti10.pfb>
Output written on documentation.pdf (10 pages, 221121 bytes).
PDF statistics:
 173 PDF objects out of 1000 (max. 8388607)
 53 named destinations out of 1000 (max. 500000)
 21 words of extra memory for PDF output out of 10000 (max. 10000000)

