1657365192.5353982 [INFO] [launch]: All log files can be found below /root/.ros/log/2022-07-09-11-13-12-525896-d5658e7e9c83-8
1657365192.5364161 [INFO] [launch]: Default logging verbosity is set to INFO
1657365192.7213502 [INFO] [small_control_node-1]: process started with pid [44]
1657365192.7225034 [INFO] [modbus_tcp_node-2]: process started with pid [46]
1657365193.7229857 [modbus_tcp_node-2] [INFO] [1657365193.722211918] [meso.modbus_tcp_node]: 09/07/2022 11:13:13 - {"temp_control_A": 32017, "temp_setpoint_A": 32008, "temp_hysteresis_A": 32010, "temp_control_B": 32018, "temp_setpoint_B": 32009, "temp_hysteresis_B": 32011, "v1": 1, "v2": 2, "v3": 3, "v4": 4, "v5": 32004, "v6": 32005, "v7": 32006, "p1": 32007, "mps_temp": 7, "mps_ph": 8, "mps_cond": 9, "mps_o2": 10, "status": 12, "status_timer": 13, "last_tank": 18, "cooler_tank_A": 14, "heater_tank_A": 15, "cooler_tank_B": 16, "heater_tank_B": 17}
1657365193.7300358 [modbus_tcp_node-2] [INFO] [1657365193.729414171] [meso.modbus_tcp_node]: 09/07/2022 11:13:13 - ModbusTcp node started
1657365193.8655679 [small_control_node-1] [INFO] [1657365193.864801504] [meso.small_control_node]: 09/07/2022 11:13:13 - Node small_control has been started
1657365194.7304299 [modbus_tcp_node-2] [INFO] [1657365194.729819628] [meso.modbus_tcp_node]: 09/07/2022 11:13:14 - Preparing modbus connection
1657365194.7374582 [modbus_tcp_node-2] [INFO] [1657365194.736815310] [meso.modbus_tcp_node]: 09/07/2022 11:13:14 - Modbus tcp connected
1657365194.8235178 [small_control_node-1] [INFO] [1657365194.822941391] [meso.small_control_node]: 09/07/2022 11:13:14 - Waiting for system to be stopped
1657365195.8236670 [small_control_node-1] [INFO] [1657365195.822977817] [meso.small_control_node]: 09/07/2022 11:13:15 - Waiting for system to be stopped
1657365196.8257749 [small_control_node-1] [INFO] [1657365196.824764573] [meso.small_control_node]: 09/07/2022 11:13:16 - Waiting for system to be stopped
1657365197.8258288 [small_control_node-1] [INFO] [1657365197.824773113] [meso.small_control_node]: 09/07/2022 11:13:17 - Waiting for system to be stopped
1657365198.7372012 [modbus_tcp_node-2] [INFO] [1657365198.736102258] [meso.modbus_tcp_node]: 09/07/2022 11:13:18 - heartbeat: 32016
1657365198.8264234 [small_control_node-1] [INFO] [1657365198.825278797] [meso.small_control_node]: 09/07/2022 11:13:18 - Waiting for system to be stopped
1657365199.8558440 [small_control_node-1] [INFO] [1657365199.855233876] [meso.small_control_node]: 09/07/2022 11:13:19 - Waiting for system to be stopped
1657365200.8558719 [small_control_node-1] [INFO] [1657365200.855265069] [meso.small_control_node]: 09/07/2022 11:13:20 - Waiting for system to be stopped
1657365201.8558853 [small_control_node-1] [INFO] [1657365201.855278227] [meso.small_control_node]: 09/07/2022 11:13:21 - Waiting for system to be stopped
1657365202.8558497 [small_control_node-1] [INFO] [1657365202.855237091] [meso.small_control_node]: 09/07/2022 11:13:22 - Waiting for system to be stopped
1657365203.7338960 [modbus_tcp_node-2] [INFO] [1657365203.733321900] [meso.modbus_tcp_node]: 09/07/2022 11:13:23 - heartbeat: 32016
1657365203.8558574 [small_control_node-1] [INFO] [1657365203.855231752] [meso.small_control_node]: 09/07/2022 11:13:23 - Waiting for system to be stopped
1657365204.8879931 [small_control_node-1] [INFO] [1657365204.886999740] [meso.small_control_node]: 09/07/2022 11:13:24 - Waiting for system to be stopped
1657365205.8880284 [small_control_node-1] [INFO] [1657365205.887032348] [meso.small_control_node]: 09/07/2022 11:13:25 - Waiting for system to be stopped
1657365206.8875997 [small_control_node-1] [INFO] [1657365206.886683870] [meso.small_control_node]: 09/07/2022 11:13:26 - Waiting for system to be stopped
1657365207.8877077 [small_control_node-1] [INFO] [1657365207.886786240] [meso.small_control_node]: 09/07/2022 11:13:27 - Waiting for system to be stopped
1657365208.7384388 [modbus_tcp_node-2] [INFO] [1657365208.737290396] [meso.modbus_tcp_node]: 09/07/2022 11:13:28 - heartbeat: 32016
1657365208.8880172 [small_control_node-1] [INFO] [1657365208.887006072] [meso.small_control_node]: 09/07/2022 11:13:28 - Waiting for system to be stopped
1657365209.9324718 [small_control_node-1] [INFO] [1657365209.931332026] [meso.small_control_node]: 09/07/2022 11:13:29 - System stopped
1657365209.9379699 [small_control_node-1] [INFO] [1657365209.936957301] [meso.small_control_node]: 09/07/2022 11:13:29 - STATUS: {'temp_control_A': 0, 'temp_setpoint_A': 1800, 'temp_hysteresis_A': 10, 'temp_control_B': 0, 'temp_setpoint_B': 1800, 'temp_hysteresis_B': 10, 'v1': 0, 'v2': 0, 'v3': 0, 'v4': 0, 'v5': 0, 'v6': 0, 'v7': 0, 'p1': 0, 'mps_temp': 1800, 'mps_ph': 825, 'mps_cond': 3751, 'mps_o2': 818, 'status': 3, 'status_timer': 19, 'last_tank': 2, 'cooler_tank_A': 1, 'heater_tank_A': 0, 'cooler_tank_B': 0, 'heater_tank_B': 0}
1657365213.7338915 [modbus_tcp_node-2] [INFO] [1657365213.733312445] [meso.modbus_tcp_node]: 09/07/2022 11:13:33 - heartbeat: 32016
1657365214.9487236 [small_control_node-1] [INFO] [1657365214.948082208] [meso.small_control_node]: 09/07/2022 11:13:34 - Waiting for tank A to be prepared
1657365218.7391708 [modbus_tcp_node-2] [INFO] [1657365218.738016189] [meso.modbus_tcp_node]: 09/07/2022 11:13:38 - heartbeat: 32016
1657365219.9517212 [small_control_node-1] [INFO] [1657365219.950691249] [meso.small_control_node]: 09/07/2022 11:13:39 - Waiting for tank A to be prepared
1657365220.9511750 [small_control_node-1] [INFO] [1657365220.950197868] [meso.small_control_node]: 09/07/2022 11:13:40 - Tank A prepared
1657365220.9549217 [small_control_node-1] [INFO] [1657365220.954022779] [meso.small_control_node]: 09/07/2022 11:13:40 - STATUS: {'temp_control_A': 0, 'temp_setpoint_A': 1800, 'temp_hysteresis_A': 10, 'temp_control_B': 0, 'temp_setpoint_B': 1800, 'temp_hysteresis_B': 10, 'v1': 1, 'v2': 1, 'v3': 0, 'v4': 0, 'v5': 0, 'v6': 0, 'v7': 0, 'p1': 0, 'mps_temp': 1812, 'mps_ph': 820, 'mps_cond': 3755, 'mps_o2': 816, 'status': 3, 'status_timer': 8, 'last_tank': 2, 'cooler_tank_A': 1, 'heater_tank_A': 0, 'cooler_tank_B': 0, 'heater_tank_B': 0}
1657365222.9641221 [small_control_node-1] [INFO] [1657365222.963029996] [meso.small_control_node]: 09/07/2022 11:13:42 - Pump started
1657365222.9801123 [small_control_node-1] [INFO] [1657365222.978868021] [meso.small_control_node]: 09/07/2022 11:13:42 - STATUS: {'temp_control_A': 0, 'temp_setpoint_A': 1800, 'temp_hysteresis_A': 10, 'temp_control_B': 0, 'temp_setpoint_B': 1800, 'temp_hysteresis_B': 10, 'v1': 1, 'v2': 1, 'v3': 0, 'v4': 0, 'v5': 0, 'v6': 0, 'v7': 0, 'p1': 1, 'mps_temp': 1812, 'mps_ph': 820, 'mps_cond': 3755, 'mps_o2': 816, 'status': 3, 'status_timer': 6, 'last_tank': 2, 'cooler_tank_A': 1, 'heater_tank_A': 0, 'cooler_tank_B': 0, 'heater_tank_B': 0}
1657365223.7340901 [modbus_tcp_node-2] [INFO] [1657365223.733519059] [meso.modbus_tcp_node]: 09/07/2022 11:13:43 - heartbeat: 32016
1657365228.7379305 [modbus_tcp_node-2] [INFO] [1657365228.736734434] [meso.modbus_tcp_node]: 09/07/2022 11:13:48 - heartbeat: 32016
1657365233.7408829 [modbus_tcp_node-2] [INFO] [1657365233.739653311] [meso.modbus_tcp_node]: 09/07/2022 11:13:53 - heartbeat: 32016
1657365238.7381649 [modbus_tcp_node-2] [INFO] [1657365238.736986708] [meso.modbus_tcp_node]: 09/07/2022 11:13:58 - heartbeat: 32016
1657365243.7339387 [modbus_tcp_node-2] [INFO] [1657365243.733368134] [meso.modbus_tcp_node]: 09/07/2022 11:14:03 - heartbeat: 32016
1657365248.7407815 [modbus_tcp_node-2] [INFO] [1657365248.739620590] [meso.modbus_tcp_node]: 09/07/2022 11:14:08 - heartbeat: 32016
1657365252.9975982 [small_control_node-1] [INFO] [1657365252.996426699] [meso.small_control_node]: 09/07/2022 11:14:12 - temp_setpoint_A:1800
1657365253.7380943 [modbus_tcp_node-2] [INFO] [1657365253.736919943] [meso.modbus_tcp_node]: 09/07/2022 11:14:13 - heartbeat: 32016
1657365258.7380104 [modbus_tcp_node-2] [INFO] [1657365258.736964552] [meso.modbus_tcp_node]: 09/07/2022 11:14:18 - heartbeat: 32016
1657365263.7404773 [modbus_tcp_node-2] [INFO] [1657365263.739328478] [meso.modbus_tcp_node]: 09/07/2022 11:14:23 - heartbeat: 32016
1657365268.7386572 [modbus_tcp_node-2] [INFO] [1657365268.737521309] [meso.modbus_tcp_node]: 09/07/2022 11:14:28 - heartbeat: 32016
1657365273.7342303 [modbus_tcp_node-2] [INFO] [1657365273.733652461] [meso.modbus_tcp_node]: 09/07/2022 11:14:33 - heartbeat: 32016
1657365278.7402854 [modbus_tcp_node-2] [INFO] [1657365278.739078685] [meso.modbus_tcp_node]: 09/07/2022 11:14:38 - heartbeat: 32016
1657365282.9958930 [small_control_node-1] [INFO] [1657365282.994756647] [meso.small_control_node]: 09/07/2022 11:14:42 - temp_setpoint_A:1800
1657365283.7395809 [modbus_tcp_node-2] [INFO] [1657365283.738488839] [meso.modbus_tcp_node]: 09/07/2022 11:14:43 - heartbeat: 32016
1657365288.7386606 [modbus_tcp_node-2] [INFO] [1657365288.737524585] [meso.modbus_tcp_node]: 09/07/2022 11:14:48 - heartbeat: 32016
1657365293.7380600 [modbus_tcp_node-2] [INFO] [1657365293.736748379] [meso.modbus_tcp_node]: 09/07/2022 11:14:53 - heartbeat: 32016
1657365298.7376211 [modbus_tcp_node-2] [INFO] [1657365298.736489476] [meso.modbus_tcp_node]: 09/07/2022 11:14:58 - heartbeat: 32016
1657365303.7345033 [modbus_tcp_node-2] [INFO] [1657365303.733927875] [meso.modbus_tcp_node]: 09/07/2022 11:15:03 - heartbeat: 32016
1657365308.7379801 [modbus_tcp_node-2] [INFO] [1657365308.736766918] [meso.modbus_tcp_node]: 09/07/2022 11:15:08 - heartbeat: 32016
1657365312.9995553 [small_control_node-1] [INFO] [1657365312.998462273] [meso.small_control_node]: 09/07/2022 11:15:12 - temp_setpoint_A:1800
1657365313.7380037 [modbus_tcp_node-2] [INFO] [1657365313.736757104] [meso.modbus_tcp_node]: 09/07/2022 11:15:13 - heartbeat: 32016
1657365318.7379463 [modbus_tcp_node-2] [INFO] [1657365318.736770894] [meso.modbus_tcp_node]: 09/07/2022 11:15:18 - heartbeat: 32016
1657365323.7386220 [modbus_tcp_node-2] [INFO] [1657365323.737447779] [meso.modbus_tcp_node]: 09/07/2022 11:15:23 - heartbeat: 32016
1657365328.7385972 [modbus_tcp_node-2] [INFO] [1657365328.737413258] [meso.modbus_tcp_node]: 09/07/2022 11:15:28 - heartbeat: 32016
1657365333.7339909 [modbus_tcp_node-2] [INFO] [1657365333.733419414] [meso.modbus_tcp_node]: 09/07/2022 11:15:33 - heartbeat: 32016
1657365338.7393861 [modbus_tcp_node-2] [INFO] [1657365338.738264720] [meso.modbus_tcp_node]: 09/07/2022 11:15:38 - heartbeat: 32016
1657365343.0025399 [small_control_node-1] [INFO] [1657365343.000931991] [meso.small_control_node]: 09/07/2022 11:15:42 - temp_setpoint_A:1800
1657365343.7350228 [modbus_tcp_node-2] [INFO] [1657365343.734477652] [meso.modbus_tcp_node]: 09/07/2022 11:15:43 - heartbeat: 32016
1657365348.7385857 [modbus_tcp_node-2] [INFO] [1657365348.737437467] [meso.modbus_tcp_node]: 09/07/2022 11:15:48 - heartbeat: 32016
1657365353.7396340 [modbus_tcp_node-2] [INFO] [1657365353.738476762] [meso.modbus_tcp_node]: 09/07/2022 11:15:53 - heartbeat: 32016
1657365358.7349041 [modbus_tcp_node-2] [INFO] [1657365358.734177287] [meso.modbus_tcp_node]: 09/07/2022 11:15:58 - heartbeat: 32016
1657365363.7366195 [modbus_tcp_node-2] [INFO] [1657365363.735681964] [meso.modbus_tcp_node]: 09/07/2022 11:16:03 - heartbeat: 32016
1657365368.7338562 [modbus_tcp_node-2] [INFO] [1657365368.733310463] [meso.modbus_tcp_node]: 09/07/2022 11:16:08 - heartbeat: 32016
1657365372.9919436 [small_control_node-1] [INFO] [1657365372.991342735] [meso.small_control_node]: 09/07/2022 11:16:12 - temp_setpoint_A:1800
1657365373.7340250 [modbus_tcp_node-2] [INFO] [1657365373.733446566] [meso.modbus_tcp_node]: 09/07/2022 11:16:13 - heartbeat: 32016
1657365378.7345114 [modbus_tcp_node-2] [INFO] [1657365378.733474419] [meso.modbus_tcp_node]: 09/07/2022 11:16:18 - heartbeat: 32016
1657365383.7387774 [modbus_tcp_node-2] [INFO] [1657365383.737614651] [meso.modbus_tcp_node]: 09/07/2022 11:16:23 - heartbeat: 32016
1657365388.7338173 [modbus_tcp_node-2] [INFO] [1657365388.733237543] [meso.modbus_tcp_node]: 09/07/2022 11:16:28 - heartbeat: 32016
1657365393.7379653 [modbus_tcp_node-2] [INFO] [1657365393.736732355] [meso.modbus_tcp_node]: 09/07/2022 11:16:33 - heartbeat: 32016
1657365398.7338688 [modbus_tcp_node-2] [INFO] [1657365398.733295934] [meso.modbus_tcp_node]: 09/07/2022 11:16:38 - heartbeat: 32016
1657365403.0019393 [small_control_node-1] [INFO] [1657365403.000867528] [meso.small_control_node]: 09/07/2022 11:16:42 - temp_setpoint_A:1800
1657365403.7384126 [modbus_tcp_node-2] [INFO] [1657365403.737284624] [meso.modbus_tcp_node]: 09/07/2022 11:16:43 - heartbeat: 32016
1657365408.7398436 [modbus_tcp_node-2] [INFO] [1657365408.738693967] [meso.modbus_tcp_node]: 09/07/2022 11:16:48 - heartbeat: 32016
1657365413.7338939 [modbus_tcp_node-2] [INFO] [1657365413.733317797] [meso.modbus_tcp_node]: 09/07/2022 11:16:53 - heartbeat: 32016
1657365418.7386160 [modbus_tcp_node-2] [INFO] [1657365418.737357710] [meso.modbus_tcp_node]: 09/07/2022 11:16:58 - heartbeat: 32016
1657365423.7380192 [modbus_tcp_node-2] [INFO] [1657365423.736760192] [meso.modbus_tcp_node]: 09/07/2022 11:17:03 - heartbeat: 32016
1657365428.7341342 [modbus_tcp_node-2] [INFO] [1657365428.733587900] [meso.modbus_tcp_node]: 09/07/2022 11:17:08 - heartbeat: 32016
1657365433.0144885 [small_control_node-1] [INFO] [1657365433.013240755] [meso.small_control_node]: 09/07/2022 11:17:13 - temp_setpoint_A:1800
1657365433.7341363 [modbus_tcp_node-2] [INFO] [1657365433.733566941] [meso.modbus_tcp_node]: 09/07/2022 11:17:13 - heartbeat: 32016
1657365438.7384474 [modbus_tcp_node-2] [INFO] [1657365438.737335029] [meso.modbus_tcp_node]: 09/07/2022 11:17:18 - heartbeat: 32016
1657365443.7385662 [modbus_tcp_node-2] [INFO] [1657365443.737446228] [meso.modbus_tcp_node]: 09/07/2022 11:17:23 - heartbeat: 32016
1657365448.7383153 [modbus_tcp_node-2] [INFO] [1657365448.737192418] [meso.modbus_tcp_node]: 09/07/2022 11:17:28 - heartbeat: 32016
1657365453.7339377 [modbus_tcp_node-2] [INFO] [1657365453.733365715] [meso.modbus_tcp_node]: 09/07/2022 11:17:33 - heartbeat: 32016
1657365458.7340112 [modbus_tcp_node-2] [INFO] [1657365458.733435206] [meso.modbus_tcp_node]: 09/07/2022 11:17:38 - heartbeat: 32016
1657365462.9994481 [small_control_node-1] [INFO] [1657365462.998161381] [meso.small_control_node]: 09/07/2022 11:17:42 - temp_setpoint_A:1800
1657365463.7379816 [modbus_tcp_node-2] [INFO] [1657365463.736792102] [meso.modbus_tcp_node]: 09/07/2022 11:17:43 - heartbeat: 32016
1657365468.7357717 [modbus_tcp_node-2] [INFO] [1657365468.734926868] [meso.modbus_tcp_node]: 09/07/2022 11:17:48 - heartbeat: 32016
1657365473.7382338 [modbus_tcp_node-2] [INFO] [1657365473.737092158] [meso.modbus_tcp_node]: 09/07/2022 11:17:53 - heartbeat: 32016
1657365478.7357681 [modbus_tcp_node-2] [INFO] [1657365478.734903528] [meso.modbus_tcp_node]: 09/07/2022 11:17:58 - heartbeat: 32016
1657365483.7358096 [modbus_tcp_node-2] [INFO] [1657365483.734938798] [meso.modbus_tcp_node]: 09/07/2022 11:18:03 - heartbeat: 32016
1657365488.7359421 [modbus_tcp_node-2] [INFO] [1657365488.735327881] [meso.modbus_tcp_node]: 09/07/2022 11:18:08 - heartbeat: 32016
1657365493.0018268 [small_control_node-1] [INFO] [1657365493.000244389] [meso.small_control_node]: 09/07/2022 11:18:12 - temp_setpoint_A:1800
1657365493.7371566 [modbus_tcp_node-2] [INFO] [1657365493.735809411] [meso.modbus_tcp_node]: 09/07/2022 11:18:13 - heartbeat: 32016
1657365498.7380586 [modbus_tcp_node-2] [INFO] [1657365498.736751437] [meso.modbus_tcp_node]: 09/07/2022 11:18:18 - heartbeat: 32016
1657365503.7373903 [modbus_tcp_node-2] [INFO] [1657365503.736236207] [meso.modbus_tcp_node]: 09/07/2022 11:18:23 - heartbeat: 32016
1657365508.7382226 [modbus_tcp_node-2] [INFO] [1657365508.736954112] [meso.modbus_tcp_node]: 09/07/2022 11:18:28 - heartbeat: 32016
1657365513.7378690 [modbus_tcp_node-2] [INFO] [1657365513.736658995] [meso.modbus_tcp_node]: 09/07/2022 11:18:33 - heartbeat: 32016
1657365518.7343690 [modbus_tcp_node-2] [INFO] [1657365518.733794507] [meso.modbus_tcp_node]: 09/07/2022 11:18:38 - heartbeat: 32016
1657365523.0154202 [small_control_node-1] [INFO] [1657365523.014138416] [meso.small_control_node]: 09/07/2022 11:18:43 - temp_setpoint_A:1800
1657365523.7372596 [modbus_tcp_node-2] [INFO] [1657365523.736166396] [meso.modbus_tcp_node]: 09/07/2022 11:18:43 - heartbeat: 32016
1657365528.7382841 [modbus_tcp_node-2] [INFO] [1657365528.737140230] [meso.modbus_tcp_node]: 09/07/2022 11:18:48 - heartbeat: 32016
1657365533.7380707 [modbus_tcp_node-2] [INFO] [1657365533.736930767] [meso.modbus_tcp_node]: 09/07/2022 11:18:53 - heartbeat: 32016
1657365538.7339742 [modbus_tcp_node-2] [INFO] [1657365538.733397183] [meso.modbus_tcp_node]: 09/07/2022 11:18:58 - heartbeat: 32016
1657365543.7383993 [modbus_tcp_node-2] [INFO] [1657365543.736981098] [meso.modbus_tcp_node]: 09/07/2022 11:19:03 - heartbeat: 32016
